0 info it worked if it ends with ok
1 verbose cli [ '/usr/local/bin/node', '/usr/local/bin/npm', 'run', 'build' ]
2 info using npm@3.10.9
3 info using node@v6.9.2
4 verbose run-script [ 'prebuild', 'build', 'postbuild' ]
5 info lifecycle firebaseangular@~prebuild: firebaseangular@
6 silly lifecycle firebaseangular@~prebuild: no script for prebuild, continuing
7 info lifecycle firebaseangular@~build: firebaseangular@
8 verbose lifecycle firebaseangular@~build: unsafe-perm in lifecycle true
9 verbose lifecycle firebaseangular@~build: PATH: /usr/local/lib/node_modules/npm/bin/node-gyp-bin:/Users/odiez3/Documents/tutoriales/firebase-angular-yeoman/node_modules/.bin:/Users/odiez3/.rbenv/shims:/Users/odiez3/.rbenv/shims:/Users/odiez3/.rbenv/shims:/Users/odiez3/.rbenv/shims:/Users/odiez3/.rvm/gems/ruby-2.4.1/bin:/Users/odiez3/.rvm/gems/ruby-2.4.1@global/bin:/Users/odiez3/.rvm/rubies/ruby-2.4.1/bin:/Users/odiez3/.rbenv/shims:/Users/odiez3/.rbenv/shims:/Library/Frameworks/Python.framework/Versions/3.5/bin:/Library/Frameworks/Python.framework/Versions/3.5/bin:/Users/odiez3/.gvm/vertx/current/bin:/Users/odiez3/.gvm/springboot/current/bin:/Users/odiez3/.gvm/lazybones/current/bin:/Users/odiez3/.gvm/jbake/current/bin:/Users/odiez3/.gvm/groovyserv/current/bin:/Users/odiez3/.gvm/groovy/current/bin:/Users/odiez3/.gvm/griffon/current/bin:/Users/odiez3/.gvm/grails/current/bin:/Users/odiez3/.gvm/gradle/current/bin:/Users/odiez3/.gvm/glide/current/bin:/Users/odiez3/.gvm/gaiden/current/bin:/Users/odiez3/.gvm/crash/current/bin:/Users/odiez3/.gvm/asciidoctorj/current/bin:/usr/local/bin:/usr/bin:/bin:/usr/sbin:/sbin:/Users/odiez3/.rvm/bin
10 verbose lifecycle firebaseangular@~build: CWD: /Users/odiez3/Documents/tutoriales/firebase-angular-yeoman
11 silly lifecycle firebaseangular@~build: Args: [ '-c', 'Realiza build' ]
12 info lifecycle firebaseangular@~build: Failed to exec build script
13 verbose stack Error: firebaseangular@ build: `Realiza build`
13 verbose stack spawn ENOENT
13 verbose stack     at ChildProcess.<anonymous> (/usr/local/lib/node_modules/npm/lib/utils/spawn.js:33:16)
13 verbose stack     at emitTwo (events.js:106:13)
13 verbose stack     at ChildProcess.emit (events.js:191:7)
13 verbose stack     at maybeClose (internal/child_process.js:877:16)
13 verbose stack     at Process.ChildProcess._handle.onexit (internal/child_process.js:226:5)
14 verbose pkgid firebaseangular@
15 verbose cwd /Users/odiez3/Documents/tutoriales/firebase-angular-yeoman
16 error Darwin 16.6.0
17 error argv "/usr/local/bin/node" "/usr/local/bin/npm" "run" "build"
18 error node v6.9.2
19 error npm  v3.10.9
20 error file sh
21 error code ELIFECYCLE
22 error errno ENOENT
23 error syscall spawn
24 error firebaseangular@ build: `Realiza build`
24 error spawn ENOENT
25 error Failed at the firebaseangular@ build script 'Realiza build'.
25 error Make sure you have the latest version of node.js and npm installed.
25 error If you do, this is most likely a problem with the firebaseangular package,
25 error not with npm itself.
25 error Tell the author that this fails on your system:
25 error     Realiza build
25 error You can get information on how to open an issue for this project with:
25 error     npm bugs firebaseangular
25 error Or if that isn't available, you can get their info via:
25 error     npm owner ls firebaseangular
25 error There is likely additional logging output above.
26 verbose exit [ 1, true ]
